<?xml version="1.0" encoding="UTF-8"?>
<testsuite name="com.rsedlr.WikiRace.WikiRaceApplicationTests" tests="1" skipped="0" failures="0" errors="0" timestamp="2019-08-06T21:33:24" hostname="Macbook" time="0.415">
  <properties/>
  <testcase name="contextLoads" classname="com.rsedlr.WikiRace.WikiRaceApplicationTests" time="0.415"/>
  <system-out><![CDATA[22:33:20.036 [Test worker] DEBUG org.springframework.test.context.junit4.SpringJUnit4ClassRunner - SpringJUnit4ClassRunner constructor called with [class com.rsedlr.WikiRace.WikiRaceApplicationTests]
22:33:20.048 [Test worker] DEBUG org.springframework.test.context.BootstrapUtils - Instantiating CacheAwareContextLoaderDelegate from class [org.springframework.test.context.cache.DefaultCacheAwareContextLoaderDelegate]
22:33:20.059 [Test worker] DEBUG org.springframework.test.context.BootstrapUtils - Instantiating BootstrapContext using constructor [public org.springframework.test.context.support.DefaultBootstrapContext(java.lang.Class,org.springframework.test.context.CacheAwareContextLoaderDelegate)]
22:33:20.079 [Test worker] DEBUG org.springframework.test.context.BootstrapUtils - Instantiating TestContextBootstrapper for test class [com.rsedlr.WikiRace.WikiRaceApplicationTests] from class [org.springframework.boot.test.context.SpringBootTestContextBootstrapper]
22:33:20.089 [Test worker] INFO org.springframework.boot.test.context.SpringBootTestContextBootstrapper - Neither @ContextConfiguration nor @ContextHierarchy found for test class [com.rsedlr.WikiRace.WikiRaceApplicationTests], using SpringBootContextLoader
22:33:20.093 [Test worker] DEBUG org.springframework.test.context.support.AbstractContextLoader - Did not detect default resource location for test class [com.rsedlr.WikiRace.WikiRaceApplicationTests]: class path resource [com/rsedlr/WikiRace/WikiRaceApplicationTests-context.xml] does not exist
22:33:20.095 [Test worker] DEBUG org.springframework.test.context.support.AbstractContextLoader - Did not detect default resource location for test class [com.rsedlr.WikiRace.WikiRaceApplicationTests]: class path resource [com/rsedlr/WikiRace/WikiRaceApplicationTestsContext.groovy] does not exist
22:33:20.096 [Test worker] INFO org.springframework.test.context.support.AbstractContextLoader - Could not detect default resource locations for test class [com.rsedlr.WikiRace.WikiRaceApplicationTests]: no resource found for suffixes {-context.xml, Context.groovy}.
22:33:20.097 [Test worker] INFO org.springframework.test.context.support.AnnotationConfigContextLoaderUtils - Could not detect default configuration classes for test class [com.rsedlr.WikiRace.WikiRaceApplicationTests]: WikiRaceApplicationTests does not declare any static, non-private, non-final, nested classes annotated with @Configuration.
22:33:20.145 [Test worker] DEBUG org.springframework.test.context.support.ActiveProfilesUtils - Could not find an 'annotation declaring class' for annotation type [org.springframework.test.context.ActiveProfiles] and class [com.rsedlr.WikiRace.WikiRaceApplicationTests]
22:33:20.229 [Test worker] DEBUG org.springframework.context.annotation.ClassPathScanningCandidateComponentProvider - Identified candidate component class: file [/Users/Macbook/Downloads/WikiRace/build/classes/java/main/com/rsedlr/WikiRace/WikiRaceApplication.class]
22:33:20.230 [Test worker] INFO org.springframework.boot.test.context.SpringBootTestContextBootstrapper - Found @SpringBootConfiguration com.rsedlr.WikiRace.WikiRaceApplication for test class com.rsedlr.WikiRace.WikiRaceApplicationTests
22:33:20.348 [Test worker] DEBUG org.springframework.boot.test.context.SpringBootTestContextBootstrapper - @TestExecutionListeners is not present for class [com.rsedlr.WikiRace.WikiRaceApplicationTests]: using defaults.
22:33:20.349 [Test worker] INFO org.springframework.boot.test.context.SpringBootTestContextBootstrapper - Loaded default TestExecutionListener class names from location [META-INF/spring.factories]: [org.springframework.boot.test.autoconfigure.restdocs.RestDocsTestExecutionListener, org.springframework.boot.test.autoconfigure.web.client.MockRestServiceServerResetTestExecutionListener, org.springframework.boot.test.autoconfigure.web.servlet.MockMvcPrintOnlyOnFailureTestExecutionListener, org.springframework.boot.test.autoconfigure.web.servlet.WebDriverTestExecutionListener, org.springframework.boot.test.mock.mockito.MockitoTestExecutionListener, org.springframework.boot.test.mock.mockito.ResetMocksTestExecutionListener, org.springframework.test.context.web.ServletTestExecutionListener, org.springframework.test.context.support.DirtiesContextBeforeModesTestExecutionListener, org.springframework.test.context.support.DependencyInjectionTestExecutionListener, org.springframework.test.context.support.DirtiesContextTestExecutionListener, org.springframework.test.context.transaction.TransactionalTestExecutionListener, org.springframework.test.context.jdbc.SqlScriptsTestExecutionListener]
22:33:20.364 [Test worker] DEBUG org.springframework.boot.test.context.SpringBootTestContextBootstrapper - Skipping candidate TestExecutionListener [org.springframework.test.context.transaction.TransactionalTestExecutionListener] due to a missing dependency. Specify custom listener classes or make the default listener classes and their required dependencies available. Offending class: [org/springframework/transaction/interceptor/TransactionAttributeSource]
22:33:20.365 [Test worker] DEBUG org.springframework.boot.test.context.SpringBootTestContextBootstrapper - Skipping candidate TestExecutionListener [org.springframework.test.context.jdbc.SqlScriptsTestExecutionListener] due to a missing dependency. Specify custom listener classes or make the default listener classes and their required dependencies available. Offending class: [org/springframework/transaction/interceptor/TransactionAttribute]
22:33:20.366 [Test worker] INFO org.springframework.boot.test.context.SpringBootTestContextBootstrapper - Using TestExecutionListeners: [org.springframework.test.context.web.ServletTestExecutionListener@de84a7c, org.springframework.test.context.support.DirtiesContextBeforeModesTestExecutionListener@446e7b7, org.springframework.boot.test.mock.mockito.MockitoTestExecutionListener@12bbf9f0, org.springframework.boot.test.autoconfigure.SpringBootDependencyInjectionTestExecutionListener@4c3b9d5, org.springframework.test.context.support.DirtiesContextTestExecutionListener@4b37a89b, org.springframework.boot.test.autoconfigure.restdocs.RestDocsTestExecutionListener@787f8515, org.springframework.boot.test.autoconfigure.web.client.MockRestServiceServerResetTestExecutionListener@35468793, org.springframework.boot.test.autoconfigure.web.servlet.MockMvcPrintOnlyOnFailureTestExecutionListener@2c529dff, org.springframework.boot.test.autoconfigure.web.servlet.WebDriverTestExecutionListener@5ad79b9e, org.springframework.boot.test.mock.mockito.ResetMocksTestExecutionListener@5e04fafc]
22:33:20.371 [Test worker] DEBUG org.springframework.test.annotation.ProfileValueUtils - Retrieved @ProfileValueSourceConfiguration [null] for test class [com.rsedlr.WikiRace.WikiRaceApplicationTests]
22:33:20.372 [Test worker] DEBUG org.springframework.test.annotation.ProfileValueUtils - Retrieved ProfileValueSource type [class org.springframework.test.annotation.SystemProfileValueSource] for class [com.rsedlr.WikiRace.WikiRaceApplicationTests]
22:33:20.373 [Test worker] DEBUG org.springframework.test.annotation.ProfileValueUtils - Retrieved @ProfileValueSourceConfiguration [null] for test class [com.rsedlr.WikiRace.WikiRaceApplicationTests]
22:33:20.373 [Test worker] DEBUG org.springframework.test.annotation.ProfileValueUtils - Retrieved ProfileValueSource type [class org.springframework.test.annotation.SystemProfileValueSource] for class [com.rsedlr.WikiRace.WikiRaceApplicationTests]
22:33:20.379 [Test worker] DEBUG org.springframework.test.context.support.AbstractDirtiesContextTestExecutionListener - Before test class: context [DefaultTestContext@17858fa0 testClass = WikiRaceApplicationTests, testInstance = [null], testMethod = [null], testException = [null], mergedContextConfiguration = [WebMergedContextConfiguration@208fa25 testClass = WikiRaceApplicationTests, locations = '{}', classes = '{class com.rsedlr.WikiRace.WikiRaceApplication}', contextInitializerClasses = '[]', activeProfiles = '{}', propertySourceLocations = '{}', propertySourceProperties = '{org.springframework.boot.test.context.SpringBootTestContextBootstrapper=true}', contextCustomizers = set[org.springframework.boot.test.autoconfigure.properties.PropertyMappingContextCustomizer@0, org.springframework.boot.test.autoconfigure.web.servlet.WebDriverContextCustomizerFactory$Customizer@286ae336, org.springframework.boot.test.context.filter.ExcludeFilterContextCustomizer@7a00a8cc, org.springframework.boot.test.json.DuplicateJsonObjectContextCustomizerFactory$DuplicateJsonObjectContextCustomizer@6ffe1df8, org.springframework.boot.test.mock.mockito.MockitoContextCustomizer@0, org.springframework.boot.test.web.client.TestRestTemplateContextCustomizer@2c3101e3], resourceBasePath = 'src/main/webapp', contextLoader = 'org.springframework.boot.test.context.SpringBootContextLoader', parent = [null]], attributes = map['org.springframework.test.context.web.ServletTestExecutionListener.activateListener' -> true]], class annotated with @DirtiesContext [false] with mode [null].
22:33:20.380 [Test worker] DEBUG org.springframework.test.annotation.ProfileValueUtils - Retrieved @ProfileValueSourceConfiguration [null] for test class [com.rsedlr.WikiRace.WikiRaceApplicationTests]
22:33:20.380 [Test worker] DEBUG org.springframework.test.annotation.ProfileValueUtils - Retrieved ProfileValueSource type [class org.springframework.test.annotation.SystemProfileValueSource] for class [com.rsedlr.WikiRace.WikiRaceApplicationTests]
22:33:20.402 [Test worker] DEBUG org.springframework.test.context.support.TestPropertySourceUtils - Adding inlined properties to environment: {spring.jmx.enabled=false, org.springframework.boot.test.context.SpringBootTestContextBootstrapper=true, server.port=-1}

  .   ____          _            __ _ _
 /\\ / ___'_ __ _ _(_)_ __  __ _ \ \ \ \
( ( )\___ | '_ | '_| | '_ \/ _` | \ \ \ \
 \\/  ___)| |_)| | | | | || (_| |  ) ) ) )
  '  |____| .__|_| |_|_| |_\__, | / / / /
 =========|_|==============|___/=/_/_/_/
 :: Spring Boot ::        (v2.1.7.RELEASE)

2019-08-06 22:33:20.906  INFO 15033 --- [    Test worker] c.r.WikiRace.WikiRaceApplicationTests    : Starting WikiRaceApplicationTests on Macbook with PID 15033 (started by Macbook in /Users/Macbook/Downloads/WikiRace)
2019-08-06 22:33:20.909  INFO 15033 --- [    Test worker] c.r.WikiRace.WikiRaceApplicationTests    : No active profile set, falling back to default profiles: default
2019-08-06 22:33:22.442  INFO 15033 --- [    Test worker] trationDelegate$BeanPostProcessorChecker : Bean 'org.springframework.ws.config.annotation.DelegatingWsConfiguration' of type [org.springframework.ws.config.annotation.DelegatingWsConfiguration$$EnhancerBySpringCGLIB$$68845c42] is not eligible for getting processed by all BeanPostProcessors (for example: not eligible for auto-proxying)
2019-08-06 22:33:22.501  INFO 15033 --- [    Test worker] .w.s.a.s.AnnotationActionEndpointMapping : Supporting [WS-Addressing August 2004, WS-Addressing 1.0]
2019-08-06 22:33:23.440  INFO 15033 --- [    Test worker] o.s.s.concurrent.ThreadPoolTaskExecutor  : Initializing ExecutorService 'applicationTaskExecutor'
2019-08-06 22:33:23.566  INFO 15033 --- [    Test worker] o.s.b.a.w.s.WelcomePageHandlerMapping    : Adding welcome page template: index
2019-08-06 22:33:24.056  INFO 15033 --- [    Test worker] c.r.WikiRace.WikiRaceApplicationTests    : Started WikiRaceApplicationTests in 3.641 seconds (JVM running for 4.869)
Let's inspect the beans provided by Spring Boot:
]]></system-out>
  <system-err><![CDATA[]]></system-err>
</testsuite>
